2013-12-25 18:41:45 TRACE ModellingModule:434 - Reconstruction of modelling sinogram is starting
2013-12-25 18:41:45 TRACE ModellingImageCalculator:39 - scans value is correct 400
2013-12-25 18:41:45 TRACE ModellingImageCalculator:43 - stepSize value is correct 1
2013-12-25 18:41:45 TRACE Reconstructor:36 - sizeOfReconstruction value is correct 600
2013-12-25 18:41:45 TRACE Reconstructor:117 - Projection data is filtered
2013-12-25 18:41:51 TRACE Reconstructor:119 - Reconstructed data is created
2013-12-25 18:41:51 TRACE Reconstructor:121 - Reconstructed image is created
2013-12-25 18:41:51 TRACE Reconstructor:123 - Reconstructed inage has been performed for screaning
2013-12-25 18:41:51 TRACE ModellingModule:469 - Colored image has been created
2013-12-25 18:41:51 TRACE ModellingModule:471 - current colored image has been changed
2013-12-25 18:41:51 TRACE ModellingModule:439 - Coloring model controls are enabled
2013-12-25 18:41:51 TRACE ModellingModule:441 - Reconstruction of modelling sinogram is finishied
2013-12-25 18:41:51 TRACE ModellingModule:522 - density analizator is opened
2013-12-25 18:42:24 INFO  Tomograph:61 - =======Stop TomographySoftware 1.0.0 application=======
2013-12-25 18:43:31 INFO  AppLaunch:61 - =======Start TomographySoftware 1.0.0 application=======
2013-12-25 18:43:32 INFO  Tomograph:49 - Successfully loading config file conf/tomograph.conf
2013-12-25 18:43:32 INFO  ModellingModule:131 - Path to the internal images is resources/internalImages
2013-12-25 18:43:32 TRACE ModellingModule:136 - Reading image file D:\NetbeansProjects\TomographySoftwareDiploma\resources\internalImages\Without_deffect.jpg
2013-12-25 18:43:32 TRACE ModellingModule:138 - File successfully has been read 
2013-12-25 18:43:32 TRACE Tomograph:27 - Type of image is TYPE_BYTE_INDEXED. Trying to make it gray
2013-12-25 18:43:32 TRACE ModellingModule:142 - Image file D:\NetbeansProjects\TomographySoftwareDiploma\resources\internalImages\Without_deffect.jpg was been successufully added
2013-12-25 18:43:32 TRACE ModellingModule:136 - Reading image file D:\NetbeansProjects\TomographySoftwareDiploma\resources\internalImages\With_deffect.jpg
2013-12-25 18:43:32 TRACE ModellingModule:138 - File successfully has been read 
2013-12-25 18:43:32 TRACE Tomograph:27 - Type of image is TYPE_BYTE_INDEXED. Trying to make it gray
2013-12-25 18:43:32 TRACE ModellingModule:142 - Image file D:\NetbeansProjects\TomographySoftwareDiploma\resources\internalImages\With_deffect.jpg was been successufully added
2013-12-25 18:43:32 TRACE ModellingModule:136 - Reading image file D:\NetbeansProjects\TomographySoftwareDiploma\resources\internalImages\Сложная структура.jpg
2013-12-25 18:43:32 TRACE ModellingModule:138 - File successfully has been read 
2013-12-25 18:43:32 TRACE Tomograph:27 - Type of image is TYPE_BYTE_INDEXED. Trying to make it gray
2013-12-25 18:43:32 TRACE ModellingModule:142 - Image file D:\NetbeansProjects\TomographySoftwareDiploma\resources\internalImages\Сложная структура.jpg was been successufully added
2013-12-25 18:43:32 INFO  ModellingModule:173 - Reading initial modelling parameters
2013-12-25 18:43:32 INFO  ModellingModule:188 - scans = 400
2013-12-25 18:43:32 INFO  ModellingModule:198 - stepsize = 1
2013-12-25 18:43:32 INFO  ModellingModule:228 - regimeSinogramInterpolation = Ближайшего соседа
2013-12-25 18:43:32 INFO  ModellingModule:249 - regimeReconstructionInterpolation = Ближайшего соседа
2013-12-25 18:43:32 INFO  ModellingModule:207 - sizeReconstruction = 600
2013-12-25 18:43:32 INFO  ModellingModule:264 - current filtering model = none
2013-12-25 18:43:32 INFO  ModellingModule:275 - coloring name model = hue_grb_0
2013-12-25 18:43:32 INFO  ModellingModule:181 - Initial modelling parameters have been read
2013-12-25 18:43:34 TRACE ModellingModule:379 - Value of regimeSinogramInterpolation now is nearest. Old value was nearest
2013-12-25 18:43:34 TRACE ModellingModule:394 - Value of regimeReconstructionInterpolation now is nearest. Old value was nearest
2013-12-25 18:43:34 TRACE ModellingModule:408 - Value of currentFilter now is none. Old value was none
2013-12-25 18:43:34 TRACE ModellingModule:458 - Value of currentColorName now is hue_grb_0. Old value was hue_grb_0
2013-12-25 18:43:34 INFO  ModellingModule:168 - Views are prepared
2013-12-25 18:43:36 INFO  ModellingModule:284 - Current modelling image changes on Сложная структура
2013-12-25 18:43:36 INFO  ModellingModule:291 - Current modelling image changes on display
2013-12-25 18:43:36 INFO  ModellingModule:293 - Result modelling is clear
2013-12-25 18:43:36 INFO  ModellingModule:295 - Result reconstruction is clear
2013-12-25 18:43:36 INFO  ModellingModule:297 - Modelling controls are disabled
2013-12-25 18:43:37 TRACE ModellingModule:416 - Sinogram creating is starting
2013-12-25 18:43:37 TRACE ModellingImageCalculator:39 - scans value is correct 400
2013-12-25 18:43:37 TRACE ModellingImageCalculator:43 - stepSize value is correct 1
2013-12-25 18:43:37 TRACE ModellingImageCalculator:53 - sourceImage is correct 
2013-12-25 18:43:37 TRACE SinogramCreator:136 - Array of pixel values of source image has been created
2013-12-25 18:43:40 TRACE SinogramCreator:139 - Projection data has been created and saved to model
2013-12-25 18:43:40 TRACE SinogramCreator:144 - Short row projection data has been created
2013-12-25 18:43:40 TRACE SinogramCreator:148 - Sinogram image is created
2013-12-25 18:43:40 TRACE SinogramCreator:150 - Sinogram inage has been performed for screaning
2013-12-25 18:43:40 TRACE ModellingModule:305 - Sinogram image is changed
2013-12-25 18:43:40 INFO  ModellingModule:307 - Result reconstruction is clear
2013-12-25 18:43:40 TRACE ModellingModule:422 - Recon controls are enabled
2013-12-25 18:43:40 TRACE ModellingModule:424 - Sinogram createing is finishing
2013-12-25 18:43:40 TRACE ModellingModule:434 - Reconstruction of modelling sinogram is starting
2013-12-25 18:43:40 TRACE ModellingImageCalculator:39 - scans value is correct 400
2013-12-25 18:43:40 TRACE ModellingImageCalculator:43 - stepSize value is correct 1
2013-12-25 18:43:40 TRACE Reconstructor:36 - sizeOfReconstruction value is correct 600
2013-12-25 18:43:40 TRACE Reconstructor:117 - Projection data is filtered
2013-12-25 18:43:46 TRACE Reconstructor:119 - Reconstructed data is created
2013-12-25 18:43:46 TRACE Reconstructor:121 - Reconstructed image is created
2013-12-25 18:43:46 TRACE Reconstructor:123 - Reconstructed inage has been performed for screaning
2013-12-25 18:43:46 TRACE ModellingModule:469 - Colored image has been created
2013-12-25 18:43:46 TRACE ModellingModule:471 - current colored image has been changed
2013-12-25 18:43:46 TRACE ModellingModule:439 - Coloring model controls are enabled
2013-12-25 18:43:46 TRACE ModellingModule:441 - Reconstruction of modelling sinogram is finishied
2013-12-25 18:43:46 TRACE ModellingModule:434 - Reconstruction of modelling sinogram is starting
2013-12-25 18:43:46 TRACE ModellingImageCalculator:39 - scans value is correct 400
2013-12-25 18:43:46 TRACE ModellingImageCalculator:43 - stepSize value is correct 1
2013-12-25 18:43:46 TRACE Reconstructor:36 - sizeOfReconstruction value is correct 600
2013-12-25 18:43:46 TRACE Reconstructor:117 - Projection data is filtered
2013-12-25 18:43:51 TRACE Reconstructor:119 - Reconstructed data is created
2013-12-25 18:43:51 TRACE Reconstructor:121 - Reconstructed image is created
2013-12-25 18:43:51 TRACE Reconstructor:123 - Reconstructed inage has been performed for screaning
2013-12-25 18:43:51 TRACE ModellingModule:469 - Colored image has been created
2013-12-25 18:43:51 TRACE ModellingModule:471 - current colored image has been changed
2013-12-25 18:43:51 TRACE ModellingModule:439 - Coloring model controls are enabled
2013-12-25 18:43:51 TRACE ModellingModule:441 - Reconstruction of modelling sinogram is finishied
2013-12-25 18:43:52 TRACE ModellingModule:522 - density analizator is opened
2013-12-25 18:44:58 INFO  AppLaunch:61 - =======Start TomographySoftware 1.0.0 application=======
2013-12-25 18:44:58 INFO  Tomograph:49 - Successfully loading config file conf/tomograph.conf
2013-12-25 18:44:58 INFO  ModellingModule:131 - Path to the internal images is resources/internalImages
2013-12-25 18:44:58 TRACE ModellingModule:136 - Reading image file D:\NetbeansProjects\TomographySoftwareDiploma\resources\internalImages\Without_deffect.jpg
2013-12-25 18:44:58 TRACE ModellingModule:138 - File successfully has been read 
2013-12-25 18:44:58 TRACE Tomograph:27 - Type of image is TYPE_BYTE_INDEXED. Trying to make it gray
2013-12-25 18:44:58 TRACE ModellingModule:142 - Image file D:\NetbeansProjects\TomographySoftwareDiploma\resources\internalImages\Without_deffect.jpg was been successufully added
2013-12-25 18:44:58 TRACE ModellingModule:136 - Reading image file D:\NetbeansProjects\TomographySoftwareDiploma\resources\internalImages\With_deffect.jpg
2013-12-25 18:44:58 TRACE ModellingModule:138 - File successfully has been read 
2013-12-25 18:44:58 TRACE Tomograph:27 - Type of image is TYPE_BYTE_INDEXED. Trying to make it gray
2013-12-25 18:44:58 TRACE ModellingModule:142 - Image file D:\NetbeansProjects\TomographySoftwareDiploma\resources\internalImages\With_deffect.jpg was been successufully added
2013-12-25 18:44:58 TRACE ModellingModule:136 - Reading image file D:\NetbeansProjects\TomographySoftwareDiploma\resources\internalImages\Сложная структура.jpg
2013-12-25 18:44:58 TRACE ModellingModule:138 - File successfully has been read 
2013-12-25 18:44:58 TRACE Tomograph:27 - Type of image is TYPE_BYTE_INDEXED. Trying to make it gray
2013-12-25 18:44:58 TRACE ModellingModule:142 - Image file D:\NetbeansProjects\TomographySoftwareDiploma\resources\internalImages\Сложная структура.jpg was been successufully added
2013-12-25 18:44:58 INFO  ModellingModule:173 - Reading initial modelling parameters
2013-12-25 18:44:58 INFO  ModellingModule:188 - scans = 400
2013-12-25 18:44:58 INFO  ModellingModule:198 - stepsize = 1
2013-12-25 18:44:58 INFO  ModellingModule:228 - regimeSinogramInterpolation = Ближайшего соседа
2013-12-25 18:44:58 INFO  ModellingModule:249 - regimeReconstructionInterpolation = Ближайшего соседа
2013-12-25 18:44:58 INFO  ModellingModule:207 - sizeReconstruction = 600
2013-12-25 18:44:58 INFO  ModellingModule:264 - current filtering model = none
2013-12-25 18:44:58 INFO  ModellingModule:275 - coloring name model = hue_grb_0
2013-12-25 18:44:58 INFO  ModellingModule:181 - Initial modelling parameters have been read
2013-12-25 18:45:00 TRACE ModellingModule:379 - Value of regimeSinogramInterpolation now is nearest. Old value was nearest
2013-12-25 18:45:00 TRACE ModellingModule:394 - Value of regimeReconstructionInterpolation now is nearest. Old value was nearest
2013-12-25 18:45:00 TRACE ModellingModule:408 - Value of currentFilter now is none. Old value was none
2013-12-25 18:45:00 TRACE ModellingModule:458 - Value of currentColorName now is hue_grb_0. Old value was hue_grb_0
2013-12-25 18:45:00 INFO  ModellingModule:168 - Views are prepared
2013-12-25 18:45:02 INFO  ModellingModule:284 - Current modelling image changes on Without_deffect
2013-12-25 18:45:02 INFO  ModellingModule:291 - Current modelling image changes on display
2013-12-25 18:45:02 INFO  ModellingModule:293 - Result modelling is clear
2013-12-25 18:45:02 INFO  ModellingModule:295 - Result reconstruction is clear
2013-12-25 18:45:02 INFO  ModellingModule:297 - Modelling controls are disabled
2013-12-25 18:45:03 TRACE ModellingModule:416 - Sinogram creating is starting
2013-12-25 18:45:03 TRACE ModellingImageCalculator:39 - scans value is correct 400
2013-12-25 18:45:03 TRACE ModellingImageCalculator:43 - stepSize value is correct 1
2013-12-25 18:45:03 TRACE ModellingImageCalculator:53 - sourceImage is correct 
2013-12-25 18:45:03 TRACE SinogramCreator:136 - Array of pixel values of source image has been created
2013-12-25 18:45:06 TRACE SinogramCreator:139 - Projection data has been created and saved to model
2013-12-25 18:45:06 TRACE SinogramCreator:144 - Short row projection data has been created
2013-12-25 18:45:06 TRACE SinogramCreator:148 - Sinogram image is created
2013-12-25 18:45:06 TRACE SinogramCreator:150 - Sinogram inage has been performed for screaning
2013-12-25 18:45:06 TRACE ModellingModule:305 - Sinogram image is changed
2013-12-25 18:45:06 INFO  ModellingModule:307 - Result reconstruction is clear
2013-12-25 18:45:06 TRACE ModellingModule:422 - Recon controls are enabled
2013-12-25 18:45:06 TRACE ModellingModule:424 - Sinogram createing is finishing
2013-12-25 18:45:06 TRACE ModellingModule:434 - Reconstruction of modelling sinogram is starting
2013-12-25 18:45:06 TRACE ModellingImageCalculator:39 - scans value is correct 400
2013-12-25 18:45:06 TRACE ModellingImageCalculator:43 - stepSize value is correct 1
2013-12-25 18:45:06 TRACE Reconstructor:36 - sizeOfReconstruction value is correct 600
2013-12-25 18:45:06 TRACE Reconstructor:117 - Projection data is filtered
2013-12-25 18:45:12 TRACE Reconstructor:119 - Reconstructed data is created
2013-12-25 18:45:12 TRACE Reconstructor:121 - Reconstructed image is created
2013-12-25 18:45:12 TRACE Reconstructor:123 - Reconstructed inage has been performed for screaning
2013-12-25 18:45:12 TRACE ModellingModule:469 - Colored image has been created
2013-12-25 18:45:12 TRACE ModellingModule:471 - current colored image has been changed
2013-12-25 18:45:12 TRACE ModellingModule:439 - Coloring model controls are enabled
2013-12-25 18:45:12 TRACE ModellingModule:441 - Reconstruction of modelling sinogram is finishied
2013-12-25 18:45:13 TRACE ModellingModule:522 - density analizator is opened
2013-12-25 18:48:56 INFO  AppLaunch:61 - =======Start TomographySoftware 1.0.0 application=======
2013-12-25 18:48:57 INFO  Tomograph:49 - Successfully loading config file conf/tomograph.conf
2013-12-25 18:48:57 INFO  ModellingModule:131 - Path to the internal images is resources/internalImages
2013-12-25 18:48:57 TRACE ModellingModule:136 - Reading image file D:\NetbeansProjects\TomographySoftwareDiploma\resources\internalImages\Without_deffect.jpg
2013-12-25 18:48:57 TRACE ModellingModule:138 - File successfully has been read 
2013-12-25 18:48:57 TRACE Tomograph:27 - Type of image is TYPE_BYTE_INDEXED. Trying to make it gray
2013-12-25 18:48:57 TRACE ModellingModule:142 - Image file D:\NetbeansProjects\TomographySoftwareDiploma\resources\internalImages\Without_deffect.jpg was been successufully added
2013-12-25 18:48:57 TRACE ModellingModule:136 - Reading image file D:\NetbeansProjects\TomographySoftwareDiploma\resources\internalImages\With_deffect.jpg
2013-12-25 18:48:57 TRACE ModellingModule:138 - File successfully has been read 
2013-12-25 18:48:57 TRACE Tomograph:27 - Type of image is TYPE_BYTE_INDEXED. Trying to make it gray
2013-12-25 18:48:57 TRACE ModellingModule:142 - Image file D:\NetbeansProjects\TomographySoftwareDiploma\resources\internalImages\With_deffect.jpg was been successufully added
2013-12-25 18:48:57 TRACE ModellingModule:136 - Reading image file D:\NetbeansProjects\TomographySoftwareDiploma\resources\internalImages\Сложная структура.jpg
2013-12-25 18:48:57 TRACE ModellingModule:138 - File successfully has been read 
2013-12-25 18:48:57 TRACE Tomograph:27 - Type of image is TYPE_BYTE_INDEXED. Trying to make it gray
2013-12-25 18:48:57 TRACE ModellingModule:142 - Image file D:\NetbeansProjects\TomographySoftwareDiploma\resources\internalImages\Сложная структура.jpg was been successufully added
2013-12-25 18:48:57 INFO  ModellingModule:173 - Reading initial modelling parameters
2013-12-25 18:48:57 INFO  ModellingModule:188 - scans = 400
2013-12-25 18:48:57 INFO  ModellingModule:198 - stepsize = 1
2013-12-25 18:48:57 INFO  ModellingModule:228 - regimeSinogramInterpolation = Ближайшего соседа
2013-12-25 18:48:57 INFO  ModellingModule:249 - regimeReconstructionInterpolation = Ближайшего соседа
2013-12-25 18:48:57 INFO  ModellingModule:207 - sizeReconstruction = 600
2013-12-25 18:48:57 INFO  ModellingModule:264 - current filtering model = none
2013-12-25 18:48:57 INFO  ModellingModule:275 - coloring name model = hue_grb_0
2013-12-25 18:48:57 INFO  ModellingModule:181 - Initial modelling parameters have been read
2013-12-25 18:48:59 TRACE ModellingModule:379 - Value of regimeSinogramInterpolation now is nearest. Old value was nearest
2013-12-25 18:48:59 TRACE ModellingModule:394 - Value of regimeReconstructionInterpolation now is nearest. Old value was nearest
2013-12-25 18:48:59 TRACE ModellingModule:408 - Value of currentFilter now is none. Old value was none
2013-12-25 18:48:59 TRACE ModellingModule:458 - Value of currentColorName now is hue_grb_0. Old value was hue_grb_0
2013-12-25 18:48:59 INFO  ModellingModule:168 - Views are prepared
2013-12-25 18:49:01 INFO  ModellingModule:284 - Current modelling image changes on Сложная структура
2013-12-25 18:49:01 INFO  ModellingModule:291 - Current modelling image changes on display
2013-12-25 18:49:01 INFO  ModellingModule:293 - Result modelling is clear
2013-12-25 18:49:01 INFO  ModellingModule:295 - Result reconstruction is clear
2013-12-25 18:49:01 INFO  ModellingModule:297 - Modelling controls are disabled
2013-12-25 18:49:02 TRACE ModellingModule:416 - Sinogram creating is starting
2013-12-25 18:49:03 TRACE ModellingImageCalculator:39 - scans value is correct 400
2013-12-25 18:49:03 TRACE ModellingImageCalculator:43 - stepSize value is correct 1
2013-12-25 18:49:03 TRACE ModellingImageCalculator:53 - sourceImage is correct 
2013-12-25 18:49:03 TRACE SinogramCreator:136 - Array of pixel values of source image has been created
2013-12-25 18:49:05 TRACE SinogramCreator:139 - Projection data has been created and saved to model
2013-12-25 18:49:05 TRACE SinogramCreator:144 - Short row projection data has been created
2013-12-25 18:49:05 TRACE SinogramCreator:148 - Sinogram image is created
2013-12-25 18:49:05 TRACE SinogramCreator:150 - Sinogram inage has been performed for screaning
2013-12-25 18:49:05 TRACE ModellingModule:305 - Sinogram image is changed
2013-12-25 18:49:05 INFO  ModellingModule:307 - Result reconstruction is clear
2013-12-25 18:49:05 TRACE ModellingModule:422 - Recon controls are enabled
2013-12-25 18:49:05 TRACE ModellingModule:424 - Sinogram createing is finishing
2013-12-25 18:49:06 TRACE ModellingModule:434 - Reconstruction of modelling sinogram is starting
2013-12-25 18:49:06 TRACE ModellingImageCalculator:39 - scans value is correct 400
2013-12-25 18:49:06 TRACE ModellingImageCalculator:43 - stepSize value is correct 1
2013-12-25 18:49:06 TRACE Reconstructor:36 - sizeOfReconstruction value is correct 600
2013-12-25 18:49:06 TRACE Reconstructor:117 - Projection data is filtered
2013-12-25 18:49:11 TRACE Reconstructor:119 - Reconstructed data is created
2013-12-25 18:49:11 TRACE Reconstructor:121 - Reconstructed image is created
2013-12-25 18:49:11 TRACE Reconstructor:123 - Reconstructed inage has been performed for screaning
2013-12-25 18:49:11 TRACE ModellingModule:469 - Colored image has been created
2013-12-25 18:49:11 TRACE ModellingModule:471 - current colored image has been changed
2013-12-25 18:49:11 TRACE ModellingModule:439 - Coloring model controls are enabled
2013-12-25 18:49:11 TRACE ModellingModule:441 - Reconstruction of modelling sinogram is finishied
2013-12-25 18:49:13 TRACE ModellingModule:522 - density analizator is opened
